Fri Apr  1 09:42:40 CST 2022

                            < M A T L A B (R) >
                  Copyright 1984-2017 The MathWorks, Inc.
                   R2017a (9.2.0.538062) 64-bit (glnxa64)
                             February 23, 2017

 
To get started, type one of these: helpwin, helpdesk, or demo.
For product information, visit www.mathworks.com.
 

audio_files_root =

    './results/test/audio/re_record/20/*.wav'

68 
63 
64 
61 
65 
60 
65 
61 
70 
68 
68 
60 
71 
64 
62 
66 
64 
60 
65 
65 
69 
62 
65 
66 
67 
66 
64 
63 
61 
71 
63 
71 
65 
70 
65 
75 
72 
65 
66 
61 
68 
59 
65 
67 
62 
64 
66 
67 
60 
62 
68 
68 
65 
60 
63 
61 
59 
67 
64 
63 
60 
68 
68 
66 
65 
63 
60 
68 
63 
64 
66 
59 
64 
64 
64 
68 
66 
63 
61 
64 
62 
66 
65 
68 
66 
62 
62 
63 
72 
59 
64 
58 
65 
66 
69 
64 
61 
66 
69 
63 
64 
65 
67 
66 
68 
62 
67 
62 
65 
60 
64 
66 
64 
70 
