Fri Apr  1 09:41:57 CST 2022

                            < M A T L A B (R) >
                  Copyright 1984-2017 The MathWorks, Inc.
                   R2017a (9.2.0.538062) 64-bit (glnxa64)
                             February 23, 2017

 
To get started, type one of these: helpwin, helpdesk, or demo.
For product information, visit www.mathworks.com.
 

audio_files_root =

    './results/test/audio/re_record/50/*.wav'

70 
63 
64 
58 
62 
61 
63 
59 
70 
69 
67 
57 
66 
65 
59 
66 
63 
59 
65 
64 
66 
60 
64 
67 
68 
65 
64 
61 
58 
70 
65 
72 
64 
63 
61 
70 
72 
63 
69 
62 
67 
61 
60 
64 
60 
65 
65 
68 
63 
61 
63 
67 
61 
58 
64 
57 
58 
70 
62 
62 
63 
64 
63 
66 
65 
63 
57 
64 
64 
66 
68 
57 
59 
60 
62 
69 
62 
63 
61 
60 
63 
64 
65 
65 
64 
62 
65 
63 
66 
60 
67 
60 
60 
62 
68 
63 
62 
65 
69 
63 
64 
68 
65 
67 
70 
58 
63 
63 
65 
60 
64 
69 
62 
67 
63 
