Fri Apr  1 09:37:05 CST 2022

                            < M A T L A B (R) >
                  Copyright 1984-2017 The MathWorks, Inc.
                   R2017a (9.2.0.538062) 64-bit (glnxa64)
                             February 23, 2017

 
To get started, type one of these: helpwin, helpdesk, or demo.
For product information, visit www.mathworks.com.
 

audio_files_root =

    './results/test/audio/re_record/20/*.wav'

srun: Job step aborted: Waiting up to 32 seconds for job step to finish.
slurmstepd: error: *** STEP 141275.0 ON wmc-slave-g13 CANCELLED AT 2022-04-01T09:37:30 ***
slurmstepd: error: *** JOB 141275 ON wmc-slave-g13 CANCELLED AT 2022-04-01T09:37:30 ***
3326 32 32 50 
3344 0 0 50 
3354 32 32 52 
3364 32 32 50 
3373 32 32 51 
3384 32 32 52 
3385 32 32 52 
3389 32 32 52 
3392 0 0 52 
3394 32 32 49 
3412 0 0 48 
3427 32 32 49 
3430 0 0 53 
3440 0 0 51 
3443 32 32 53 
3444 0 0 51 
3446 0 0 53 
3448 0 0 50 
3451 32 32 53 
3458 32 32 53 
3462 0 0 53 
3467 32 32 54 
3473 0 0 52 
3474 32 32 55 
3495 32 32 55 
3501 32 32 57 
3509 0 0 54 
3530 34 34 57 
3534 34 34 59 
3537 0 0 52 
3584 2 2 57 
3630 2 2 53 
3648 2 2 54 
3667 2 2 54 
3672 2 2 55 
3674 2 2 51 
3715 2 2 55 
29 53 53 50 
44 21 21 48 
49 53 53 51 
95 53 53 50 
709 57 57 66 
860 57 57 64 
878 57 57 60 
902 57 57 59 
918 57 57 59 
919 57 57 62 
922 57 57 61 
923 57 57 61 
934 57 57 61 
949 57 57 63 
981 57 57 62 
992 57 57 63 
1005 57 57 63 
1042 57 57 63 
1062 57 57 58 
1320 9 9 57 
1443 8 8 59 
1447 8 8 59 
1456 8 8 56 
1463 8 8 58 
1479 8 8 59 
1494 8 8 58 
1495 8 8 57 
1579 12 12 58 
935 42 42 69 
1116 43 43 53 
2985 18 18 61 
2990 18 18 61 
2991 18 18 61 
2992 18 18 60 
2993 50 50 66 
3000 18 18 61 
3002 18 18 62 
3003 18 18 64 
3009 18 18 63 
3013 18 18 62 
3014 18 18 58 
3015 18 18 59 
3017 50 50 62 
3019 18 18 62 
3020 18 18 60 
3026 18 18 63 
3027 50 50 64 
3031 18 18 59 
3033 18 18 61 
3037 50 50 63 
3057 18 18 61 
3062 18 18 62 
3070 18 18 63 
3080 18 18 61 
3082 18 18 59 
3088 18 18 62 
3092 18 18 65 
3099 18 18 60 
3108 18 18 61 
3115 18 18 61 
3943 2 2 52 
3986 18 18 51 
138 42 42 59 
143 42 42 60 
146 42 42 61 
152 42 42 58 
153 42 42 59 
162 42 42 62 
163 42 42 60 
164 42 42 63 
165 42 42 66 
168 42 42 61 
169 42 42 65 
185 42 42 61 
192 42 42 62 
195 42 42 62 
199 42 42 61 
215 42 42 63 
217 42 42 62 
232 42 42 64 
260 46 46 71 
265 14 14 65 
270 42 42 66 
285 46 46 69 
290 46 46 68 
291 42 42 63 
314 42 42 65 
315 42 42 65 
357 46 46 65 
359 46 46 71 
368 42 42 69 
980 60 60 73 
3017 23 23 52 
3093 23 23 52 
3358 6 6 56 
3370 6 6 57 
3371 6 6 55 
3381 6 6 55 
3382 6 6 56 
3393 6 6 51 
3407 6 6 50 
3420 6 6 52 
3424 6 6 53 
3458 6 6 50 
3462 6 6 49 
3464 6 6 54 
3465 6 6 51 
3473 6 6 50 
3476 6 6 52 
3494 6 6 50 
3495 6 6 50 
3497 6 6 51 
3498 6 6 53 
3503 6 6 53 
3535 6 6 54 
3536 6 6 51 
3546 6 6 53 
3548 6 6 51 
3550 6 6 51 
3556 6 6 51 
3562 6 6 54 
3567 6 6 55 
3579 6 6 51 
3581 6 6 51 
3584 6 6 53 
3592 6 6 55 
3610 6 6 51 
3624 6 6 53 
3628 6 6 55 
3635 6 6 56 
3989 7 7 58 
14 2 2 53 
37 2 2 52 
44 34 34 54 
70 34 34 55 
72 34 34 57 
81 2 2 47 
91 2 2 50 
101 2 2 50 
113 2 2 45 
129 2 2 49 
151 2 2 49 
182 34 34 53 
747 48 48 51 
812 48 48 49 
814 48 48 50 
996 48 48 53 
1047 16 16 53 
2722 53 53 62 
1681 5 5 46 
1690 5 5 46 
1692 5 5 46 
1699 5 5 50 
1702 5 5 50 
1704 5 5 50 
1707 5 5 52 
1708 5 5 47 
1710 5 5 43 
1714 5 5 47 
1717 5 5 53 
1718 5 5 46 
1719 5 5 46 
1723 5 5 50 
1732 5 5 52 
1742 5 5 50 
1748 5 5 52 
1752 5 5 54 
1755 5 5 50 
1757 5 5 51 
1758 5 5 50 
1765 5 5 49 
1781 5 5 51 
1791 5 5 53 
1800 5 5 53 
1816 5 5 53 
1828 5 5 56 
1833 5 5 53 
1841 5 5 51 
1847 5 5 47 
1864 5 5 52 
1869 5 5 45 
1870 5 5 53 
1876 5 5 52 
1982 5 5 52 
1983 5 5 51 
2071 7 7 53 
2079 39 39 51 
2096 7 7 49 
2446 35 35 59 
2448 35 35 62 
2464 35 35 65 
2496 35 35 56 
2508 35 35 58 
2514 39 39 61 
2632 39 39 60 
2699 39 39 53 
2703 39 39 56 
2711 39 39 60 
2744 39 39 60 
2746 39 39 59 
2748 39 39 54 
3931 62 62 52 
3945 30 30 53 
3950 63 63 53 
3956 62 62 53 
3964 62 62 51 
3965 62 62 50 
3966 62 62 56 
3972 62 62 51 
3973 62 62 51 
3974 62 62 50 
3999 62 62 51 
111 10 10 62 
165 10 10 59 
174 10 10 69 
210 10 10 61 
220 10 10 67 
266 10 10 61 
1320 50 50 59 
3618 2 2 56 
3624 2 2 49 
3641 18 18 52 
3743 18 18 59 
3795 2 2 55 
3802 18 18 56 
3818 18 18 58 
3833 2 2 53 
3834 3 3 55 
3843 2 2 55 
3856 2 2 59 
3858 19 19 59 
3869 2 2 55 
3890 3 3 62 
3899 3 3 58 
20 45 45 60 
42 47 47 55 
710 46 46 59 
723 44 44 59 
748 46 46 61 
777 44 44 59 
779 44 44 55 
780 46 46 63 
786 46 46 62 
792 46 46 60 
817 46 46 61 
818 46 46 64 
830 46 46 60 
831 44 44 56 
836 46 46 64 
863 44 44 60 
864 44 44 57 
865 46 46 60 
866 46 46 63 
880 46 46 62 
881 46 46 61 
883 46 46 64 
887 46 46 61 
895 44 44 57 
897 44 44 56 
899 46 46 62 
933 44 44 65 
998 46 46 64 
1972 54 54 55 
1998 54 54 57 
1999 52 52 50 
2014 54 54 56 
2077 54 54 55 
2082 62 62 59 
2106 62 62 56 
2133 54 54 58 
2149 62 62 62 
2174 62 62 64 
2198 62 62 57 
2204 54 54 61 
2406 59 59 54 
3671 4 4 53 
1150 1 1 49 
7 45 45 57 
20 45 45 57 
69 61 61 59 
656 57 57 53 
701 29 29 49 
754 57 57 56 
799 25 25 50 
826 57 57 55 
898 57 57 59 
1030 49 49 51 
1085 53 53 60 
1133 49 49 57 
1137 49 49 58 
1146 49 49 57 
1177 17 17 52 
1265 16 16 58 
1296 18 18 64 
1301 18 18 61 
1302 18 18 59 
1339 18 18 58 
1341 18 18 59 
2216 29 29 56 
2235 13 13 47 
2243 13 13 52 
2244 29 29 47 
2251 29 29 49 
2254 29 29 49 
2271 29 29 51 
2282 29 29 53 
2283 23 23 53 
2287 13 13 53 
2306 29 29 51 
2534 63 63 53 
2548 63 63 57 
2554 31 31 51 
2560 29 29 52 
2564 29 29 48 
2582 61 61 53 
2586 61 61 48 
2603 61 61 51 
2607 29 29 53 
2611 61 61 53 
2623 29 29 51 
2642 61 61 59 
2662 61 61 53 
2669 61 61 59 
2672 61 61 52 
2678 29 29 53 
2679 61 61 52 
2681 61 61 51 
2708 29 29 54 
2721 63 63 56 
2730 63 63 60 
2753 63 63 59 
2756 63 63 54 
2758 31 31 61 
2759 63 63 57 
2765 63 63 56 
2778 63 63 61 
2780 63 63 58 
2788 63 63 60 
2791 63 63 53 
2796 63 63 58 
2807 31 31 54 
2808 63 63 58 
2812 31 31 55 
2822 63 63 55 
2823 63 63 58 
2825 31 31 52 
2827 63 63 56 
2834 63 63 62 
2838 63 63 57 
2839 63 63 59 
2849 63 63 62 
2851 63 63 61 
2852 55 55 60 
2865 63 63 59 
2873 55 55 56 
2881 63 63 65 
2884 63 63 60 
2891 63 63 58 
2897 63 63 64 
2900 63 63 57 
2901 63 63 61 
2914 63 63 69 
2918 63 63 62 
2924 23 23 54 
2929 63 63 60 
2930 63 63 62 
2933 63 63 63 
2936 63 63 58 
2942 31 31 63 
2949 63 63 68 
2951 63 63 66 
2964 31 31 61 
2974 31 31 64 
2989 51 51 58 
2992 55 55 65 
3021 27 27 53 
3022 55 55 60 
3025 55 55 56 
3026 55 55 56 
3030 19 19 55 
3044 23 23 64 
3134 51 51 57 
3275 17 17 47 
3287 49 49 46 
3292 49 49 51 
3312 48 48 54 
3318 48 48 51 
3324 48 48 51 
3328 48 48 51 
3357 49 49 48 
3361 49 49 50 
3362 49 49 56 
3367 17 17 55 
3369 17 17 55 
3407 49 49 54 
3418 17 17 48 
3419 16 16 57 
3436 49 49 49 
3437 17 17 49 
3438 48 48 57 
3444 49 49 54 
3454 17 17 48 
3457 17 17 48 
3462 16 16 51 
3465 49 49 52 
3486 48 48 54 
3512 48 48 54 
3516 48 48 58 
3518 48 48 59 
3525 48 48 61 
3528 48 48 57 
3530 48 48 55 
3536 48 48 59 
3538 16 16 53 
3560 16 16 53 
3562 16 16 52 
3566 16 16 57 
3567 16 16 62 
3573 16 16 55 
3574 16 16 58 
3577 16 16 59 
3579 16 16 61 
3587 16 16 62 
3956 52 52 59 
33 49 49 52 
39 49 49 59 
94 49 49 57 
104 49 49 62 
111 48 48 58 
114 48 48 61 
117 48 48 56 
120 49 49 54 
124 49 49 54 
129 49 49 57 
130 49 49 55 
132 49 49 53 
144 49 49 58 
147 49 49 57 
155 49 49 57 
160 49 49 54 
163 49 49 54 
167 49 49 58 
170 49 49 54 
263 53 53 57 
269 53 53 52 
270 49 49 50 
275 53 53 53 
387 45 45 53 
481 13 13 51 
1774 27 27 54 
1778 27 27 55 
1814 59 59 53 
1850 27 27 54 
1860 27 27 55 
3323 46 46 67 
3324 46 46 65 
3328 46 46 68 
3335 46 46 61 
3340 46 46 69 
3344 46 46 64 
3346 46 46 65 
3350 46 46 64 
3351 46 46 63 
3353 46 46 68 
3354 46 46 65 
3358 46 46 63 
3359 46 46 67 
3367 46 46 64 
3368 46 46 59 
3371 46 46 67 
3372 46 46 61 
3373 46 46 66 
3374 46 46 66 
3376 46 46 62 
3377 46 46 67 
3379 46 46 66 
3380 46 46 71 
3381 46 46 67 
3382 46 46 63 
3383 46 46 72 
3384 46 46 69 
3385 46 46 67 
3386 46 46 76 
3390 46 46 66 
3392 46 46 70 
3394 46 46 71 
3395 46 46 72 
3396 46 46 69 
3400 46 46 72 
3401 46 46 71 
3402 46 46 71 
3403 46 46 72 
3405 46 46 70 
3406 46 46 69 
3407 46 46 73 
3408 46 46 69 
3409 46 46 71 
3410 46 46 68 
3411 46 46 73 
3412 46 46 68 
3413 46 46 67 
3414 46 46 65 
3416 46 46 70 
3418 46 46 68 
3419 46 46 70 
3420 46 46 70 
3422 46 46 69 
3423 46 46 69 
3426 46 46 62 
3432 46 46 68 
3439 46 46 66 
3446 46 46 68 
3448 46 46 64 
3465 46 46 65 
3467 46 46 68 
3468 46 46 67 
3470 46 46 69 
3472 46 46 64 
3475 46 46 67 
3479 46 46 68 
3481 46 46 65 
3483 46 46 65 
3484 46 46 68 
3485 46 46 63 
3486 46 46 69 
3487 46 46 65 
3489 46 46 60 
3491 46 46 62 
3492 46 46 61 
3493 46 46 64 
3494 46 46 65 
3497 46 46 58 
3499 46 46 61 
3501 46 46 65 
3503 46 46 64 
3504 46 46 62 
3507 46 46 65 
3509 46 46 67 
3511 46 46 67 
3517 46 46 66 
3524 46 46 63 
3526 46 46 65 
3536 46 46 58 
559 40 40 49 
567 40 40 53 
575 40 40 50 
578 40 40 51 
579 40 40 52 
582 40 40 53 
594 40 40 52 
603 40 40 51 
625 40 40 50 
627 40 40 52 
647 40 40 52 
651 40 40 50 
653 40 40 48 
660 40 40 53 
678 40 40 51 
694 40 40 49 
704 40 40 46 
712 40 40 50 
771 40 40 50 
824 40 40 44 
855 40 40 55 
867 40 40 51 
887 40 40 53 
1084 32 32 49 
1119 33 33 44 
2653 56 56 54 
2710 56 56 58 
2723 56 56 59 
2739 44 44 56 
2745 44 44 58 
2770 44 44 59 
2776 44 44 60 
2788 40 40 60 
2794 8 8 57 
2799 4 4 60 
2803 40 40 63 
2822 0 0 57 
2826 36 36 56 
2831 40 40 58 
2837 8 8 53 
2845 8 8 57 
2847 8 8 58 
2855 40 40 59 
2861 40 40 61 
2863 32 32 53 
2876 40 40 59 
2879 40 40 63 
2889 40 40 56 
2901 40 40 55 
2936 8 8 50 
3146 0 0 48 
3395 2 2 55 
3398 2 2 57 
3400 2 2 56 
3401 2 2 57 
3404 2 2 55 
3409 2 2 53 
3410 2 2 60 
3411 2 2 58 
3415 18 18 55 
3418 2 2 55 
3421 2 2 54 
3425 2 2 55 
3430 2 2 58 
3433 2 2 55 
3436 2 2 53 
3441 18 18 56 
3448 18 18 54 
3451 2 2 53 
3452 18 18 61 
3457 2 2 54 
3460 18 18 59 
3462 18 18 59 
3463 18 18 56 
3465 18 18 59 
3467 18 18 62 
3470 18 18 57 
3471 18 18 58 
3472 18 18 60 
3473 18 18 58 
3476 18 18 58 
3477 18 18 55 
3479 18 18 58 
3488 18 18 58 
3491 18 18 59 
3492 18 18 58 
3493 18 18 56 
3494 18 18 58 
3498 18 18 58 
3501 18 18 58 
3503 18 18 57 
3504 18 18 59 
3505 18 18 53 
3509 18 18 57 
3513 2 2 52 
3514 18 18 57 
3516 18 18 56 
3519 18 18 54 
3523 18 18 57 
3527 18 18 50 
3530 18 18 52 
3532 18 18 54 
3536 18 18 54 
3538 18 18 57 
3539 18 18 56 
3541 18 18 57 
3543 18 18 55 
3544 18 18 59 
3546 18 18 55 
3547 18 18 55 
3548 18 18 55 
3549 18 18 55 
3550 18 18 54 
3551 18 18 55 
3552 18 18 53 
3554 18 18 56 
3557 18 18 54 
3559 18 18 61 
3560 18 18 56 
3561 18 18 55 
3562 18 18 56 
3563 18 18 57 
3565 18 18 61 
3567 18 18 54 
3568 18 18 58 
3570 18 18 58 
3571 18 18 55 
3572 18 18 60 
3573 18 18 55 
3574 18 18 58 
3575 18 18 58 
3578 18 18 58 
3579 18 18 56 
3580 18 18 55 
3581 18 18 59 
3583 18 18 59 
3586 18 18 57 
3587 18 18 60 
3588 18 18 56 
3590 18 18 56 
3591 18 18 57 
3593 18 18 59 
3594 18 18 60 
3595 18 18 54 
3596 18 18 60 
3597 18 18 58 
3598 18 18 60 
3600 18 18 57 
3601 18 18 54 
3602 18 18 56 
3603 18 18 54 
3605 18 18 56 
3607 18 18 57 
3609 18 18 58 
3611 18 18 56 
3613 18 18 57 
3615 18 18 56 
3619 18 18 61 
3621 18 18 61 
3622 18 18 57 
3623 18 18 61 
3624 18 18 59 
3626 18 18 60 
3627 18 18 61 
3628 18 18 58 
3629 18 18 63 
3631 18 18 63 
3633 18 18 60 
3637 18 18 62 
3639 18 18 58 
3641 18 18 58 
3643 18 18 59 
3644 18 18 56 
3645 18 18 58 
3647 18 18 58 
3648 18 18 58 
3649 18 18 57 
3651 18 18 57 
3652 18 18 61 
3654 18 18 56 
3660 18 18 59 
3662 18 18 58 
3663 18 18 59 
3664 18 18 58 
3665 18 18 57 
3666 18 18 56 
3668 18 18 56 
3670 18 18 59 
3672 18 18 59 
3681 18 18 59 
3685 18 18 59 
3688 18 18 58 
3689 18 18 56 
3690 18 18 57 
3691 18 18 58 
3693 18 18 52 
3694 18 18 59 
3696 18 18 59 
3697 18 18 58 
3698 18 18 56 
3700 18 18 56 
3702 18 18 59 
3706 18 18 59 
3708 18 18 56 
3710 18 18 57 
3712 18 18 54 
3714 18 18 56 
3716 18 18 56 
3718 18 18 58 
3720 18 18 57 
3724 18 18 61 
3726 18 18 56 
3728 18 18 57 
3730 18 18 58 
3732 18 18 58 
3736 18 18 57 
3742 18 18 57 
3745 18 18 59 
3746 18 18 59 
3749 18 18 57 
3755 18 18 59 
3758 18 18 56 
3759 18 18 56 
3761 18 18 57 
3762 18 18 59 
3765 18 18 58 
3767 18 18 54 
3770 18 18 57 
3771 18 18 55 
3773 18 18 54 
3774 18 18 57 
3775 18 18 55 
3777 18 18 56 
3779 18 18 53 
3781 18 18 55 
3783 18 18 56 
3788 18 18 63 
3790 18 18 58 
3792 18 18 60 
3794 18 18 60 
3795 18 18 57 
3803 18 18 57 
3804 18 18 55 
3806 18 18 59 
3812 18 18 58 
18 24 24 53 
44 56 56 55 
48 24 24 52 
3127 11 11 54 
3139 11 11 58 
3160 11 11 56 
3180 11 11 55 
3190 11 11 58 
3197 11 11 55 
3211 43 43 57 
3212 43 43 61 
3214 43 43 56 
3269 43 43 54 
3274 43 43 53 
3276 43 43 50 
3279 43 43 52 
3284 43 43 57 
3285 43 43 54 
3286 43 43 53 
3287 41 41 53 
3292 43 43 57 
3296 43 43 53 
3297 43 43 53 
3300 43 43 56 
3301 43 43 54 
3307 43 43 55 
3309 43 43 57 
3314 43 43 55 
3317 43 43 56 
3319 43 43 54 
3321 43 43 54 
3327 43 43 53 
3329 43 43 53 
3330 43 43 56 
3332 43 43 57 
3340 43 43 54 
3342 43 43 57 
3348 43 43 53 
3349 43 43 52 
3352 43 43 57 
3358 41 41 53 
3363 43 43 57 
3365 43 43 56 
3366 43 43 56 
3367 43 43 57 
3369 43 43 59 
3371 41 41 51 
3372 43 43 55 
3373 43 43 55 
3374 43 43 56 
3375 43 43 56 
3377 41 41 49 
3379 43 43 55 
3382 43 43 56 
3383 43 43 54 
3385 43 43 52 
3386 43 43 60 
3387 43 43 58 
3395 43 43 58 
3398 43 43 57 
3399 43 43 60 
3400 43 43 55 
3402 43 43 63 
3403 43 43 59 
3406 43 43 57 
3408 43 43 53 
3409 43 43 56 
3410 43 43 57 
3412 43 43 54 
3414 43 43 56 
3415 43 43 54 
3416 43 43 56 
3417 43 43 60 
3418 43 43 53 
3419 43 43 57 
3429 43 43 52 
3432 43 43 58 
3433 43 43 55 
11 58 58 52 
14 26 26 57 
24 26 26 57 
25 26 26 54 
32 26 26 58 
35 26 26 55 
44 26 26 55 
69 58 58 60 
74 26 26 55 
77 58 58 60 
84 26 26 56 
90 26 26 59 
91 58 58 61 
93 58 58 58 
95 26 26 53 
96 26 26 51 
108 58 58 62 
112 58 58 62 
129 58 58 58 
146 26 26 56 
148 26 26 58 
156 26 26 56 
161 26 26 60 
165 26 26 54 
172 26 26 57 
178 58 58 61 
179 26 26 60 
233 26 26 57 
383 24 24 57 
421 56 56 62 
425 56 56 61 
1651 4 4 52 
1672 4 4 51 
3478 25 25 55 
3539 25 25 52 
3550 25 25 55 
3552 25 25 56 
3562 25 25 57 
3564 25 25 58 
3565 25 25 56 
3579 24 24 59 
3582 24 24 60 
3621 24 24 52 
3636 24 24 63 
3662 24 24 59 
273 34 34 58 
317 42 42 62 
365 42 42 63 
417 2 2 51 
427 2 2 55 
446 34 34 57 
454 34 34 54 
462 34 34 57 
481 34 34 53 
485 34 34 53 
488 34 34 57 
492 34 34 57 
600 50 50 63 
608 50 50 64 
611 50 50 64 
617 50 50 65 
620 50 50 63 
623 50 50 64 
625 50 50 64 
628 50 50 64 
647 50 50 66 
650 50 50 65 
656 50 50 64 
675 50 50 63 
702 50 50 65 
1376 62 62 71 
1383 62 62 71 
1384 62 62 70 
1392 62 62 68 
1394 62 62 69 
1403 62 62 69 
1405 62 62 72 
1418 62 62 67 
1437 62 62 68 
1464 62 62 64 
1467 62 62 66 
1468 62 62 66 
1475 62 62 67 
1481 62 62 66 
1507 62 62 69 
1514 62 62 68 
1515 62 62 63 
1516 62 62 68 
1517 62 62 64 
1518 62 62 67 
1522 62 62 65 
1526 54 54 63 
1536 54 54 66 
1538 54 54 64 
1540 54 54 63 
1544 54 54 63 
1546 54 54 60 
1548 54 54 61 
1554 54 54 62 
1557 54 54 62 
1563 54 54 63 
1564 54 54 64 
1570 54 54 60 
1576 54 54 62 
1578 54 54 58 
1581 54 54 63 
1585 54 54 63 
1594 54 54 60 
1596 54 54 59 
1606 54 54 62 
1608 54 54 59 
1610 54 54 61 
1620 54 54 63 
1627 54 54 61 
1628 54 54 58 
1766 54 54 67 
3846 0 0 43 
3876 0 0 46 
3880 0 0 45 
3883 1 1 41 
739 59 59 66 
1677 42 42 61 
2978 18 18 50 
2984 18 18 54 
2989 18 18 54 
2990 18 18 51 
2992 18 18 54 
2993 18 18 54 
2994 18 18 54 
2995 18 18 51 
2999 18 18 51 
3001 18 18 51 
3006 18 18 53 
3023 16 16 47 
3055 2 2 50 
3071 2 2 50 
3131 18 18 55 
3134 2 2 48 
3135 18 18 52 
3148 18 18 52 
3161 18 18 55 
3164 18 18 54 
3166 18 18 51 
3167 18 18 55 
3171 18 18 52 
3172 18 18 57 
3184 18 18 51 
3188 18 18 59 
3192 18 18 59 
3211 18 18 58 
3212 18 18 52 
3218 18 18 56 
3222 18 18 55 
3232 18 18 60 
3235 18 18 56 
3241 18 18 57 
3341 2 2 57 
3348 2 2 57 
3350 2 2 58 
3366 2 2 56 
3510 3 3 54 
3516 2 2 57 
3526 2 2 53 
3529 2 2 57 
3534 2 2 56 
3536 2 2 54 
3540 2 2 56 
3543 2 2 53 
3544 2 2 59 
3547 2 2 49 
3549 2 2 56 
3550 2 2 57 
3556 2 2 56 
3593 0 0 57 
3721 2 2 55 
3746 2 2 54 
3786 2 2 58 
438 15 15 60 
3246 18 18 47 
3308 50 50 56 
3322 18 18 52 
3335 2 2 55 
3341 2 2 54 
3389 18 18 52 
3422 18 18 56 
3430 2 2 53 
3432 34 34 55 
3442 34 34 52 
3457 2 2 51 
3470 34 34 54 
3480 34 34 54 
3481 2 2 51 
3484 34 34 54 
3493 34 34 56 
3494 2 2 54 
3496 2 2 51 
3498 34 34 55 
3503 34 34 52 
3519 34 34 50 
3521 34 34 55 
3538 2 2 54 
3540 34 34 52 
3541 2 2 53 
3543 34 34 52 
3553 2 2 49 
3554 2 2 58 
3556 2 2 57 
3561 34 34 56 
3565 2 2 53 
3566 2 2 51 
3567 2 2 54 
3569 2 2 56 
3573 2 2 56 
3576 2 2 55 
3579 2 2 58 
3583 34 34 56 
3588 34 34 54 
3589 2 2 54 
3595 34 34 52 
3597 2 2 51 
3600 2 2 52 
3603 2 2 52 
3604 2 2 54 
3606 2 2 54 
3610 2 2 54 
3620 34 34 54 
3628 2 2 56 
3630 2 2 54 
3634 2 2 51 
3635 2 2 59 
3641 2 2 58 
3644 34 34 58 
3645 34 34 56 
3648 34 34 56 
3657 2 2 55 
3663 2 2 54 
3664 2 2 53 
3667 18 18 57 
3672 34 34 53 
3673 18 18 51 
3677 2 2 56 
3679 2 2 49 
3685 2 2 54 
3686 34 34 56 
3699 18 18 59 
3718 2 2 52 
3807 2 2 49 
3981 58 58 57 
92 59 59 63 
1019 26 26 59 
1098 58 58 59 
2766 50 50 60 
2769 50 50 60 
2771 50 50 59 
2774 50 50 62 
2780 50 50 60 
2782 50 50 61 
2786 50 50 60 
2788 50 50 60 
2792 50 50 62 
2795 50 50 58 
2805 50 50 61 
2807 50 50 61 
2816 34 34 53 
2821 34 34 55 
2834 50 50 57 
2835 50 50 63 
2839 34 34 59 
2840 34 34 59 
2841 34 34 57 
2843 50 50 63 
2846 34 34 58 
2848 34 34 61 
2849 34 34 60 
2860 34 34 59 
2864 34 34 57 
2869 34 34 58 
2882 34 34 55 
2884 34 34 56 
2926 34 34 57 
2998 50 50 62 
3009 50 50 57 
3013 50 50 60 
3019 50 50 61 
3023 50 50 62 
3024 50 50 61 
3025 50 50 60 
3031 50 50 60 
3058 50 50 57 
3060 50 50 59 
3062 50 50 60 
3064 50 50 56 
3065 50 50 59 
3066 50 50 61 
3070 50 50 60 
3119 18 18 59 
3145 50 50 60 
3171 50 50 58 
3184 50 50 62 
3233 50 50 60 
5 60 60 56 
375 50 50 51 
503 50 50 49 
1942 1 1 50 
1950 1 1 44 
1980 1 1 47 
1987 1 1 40 
1988 1 1 43 
1989 1 1 41 
2008 1 1 48 
2013 1 1 43 
2032 1 1 41 
2041 1 1 45 
2061 1 1 41 
2063 1 1 40 
2074 5 5 46 
2075 5 5 48 
2081 1 1 42 
2086 1 1 43 
2099 5 5 51 
2104 5 5 48 
2105 5 5 45 
2107 5 5 48 
2114 5 5 43 
2116 5 5 47 
2118 5 5 42 
2121 5 5 50 
2124 5 5 48 
2126 5 5 45 
2129 5 5 51 
2130 5 5 47 
2131 5 5 47 
2132 5 5 47 
2134 5 5 50 
2135 5 5 51 
2137 5 5 50 
2138 5 5 50 
2140 5 5 47 
2142 5 5 49 
2143 5 5 48 
2144 5 5 46 
2146 5 5 50 
2150 5 5 52 
2151 5 5 48 
2155 5 5 46 
2156 5 5 49 
2157 5 5 48 
2164 5 5 49 
2168 5 5 48 
2169 5 5 54 
2172 5 5 49 
2174 5 5 51 
2175 5 5 51 
2176 5 5 49 
2181 5 5 50 
2185 5 5 55 
2192 5 5 52 
2198 5 5 47 
2202 5 5 49 
2205 5 5 52 
2207 5 5 51 
2208 5 5 47 
2213 5 5 48 
3274 38 38 59 
3284 38 38 63 
2 9 9 48 
43 8 8 48 
52 9 9 45 
102 8 8 51 
104 8 8 49 
124 8 8 52 
159 24 24 56 
180 24 24 51 
247 24 24 51 
264 24 24 54 
296 24 24 54 
312 24 24 53 
319 24 24 56 
326 24 24 53 
351 24 24 54 
352 24 24 50 
357 56 56 58 
358 24 24 56 
364 56 56 55 
371 24 24 53 
372 24 24 52 
384 24 24 53 
387 24 24 56 
391 24 24 55 
393 24 24 59 
399 24 24 55 
400 24 24 54 
402 24 24 56 
408 24 24 57 
410 24 24 53 
418 24 24 52 
424 24 24 52 
429 24 24 59 
430 24 24 52 
431 24 24 55 
432 24 24 55 
437 24 24 54 
439 28 28 53 
441 28 28 55 
443 24 24 54 
452 28 28 52 
456 56 56 54 
463 28 28 53 
471 24 24 52 
626 28 28 60 
656 28 28 64 
1718 58 58 61 
1859 58 58 64 
2555 63 63 59 
2635 63 63 58 
2709 63 63 63 
2761 63 63 61 
2829 59 59 55 
2884 59 59 57 
2926 58 58 58 
2973 42 42 57 
2032 47 47 57 
2044 47 47 55 
2046 15 15 53 
2055 47 47 58 
2057 47 47 57 
2058 47 47 59 
2071 47 47 59 
2077 47 47 57 
2098 47 47 58 
2100 47 47 56 
2104 47 47 57 
2106 47 47 59 
2108 47 47 56 
2110 47 47 59 
2111 47 47 56 
2112 47 47 55 
2135 47 47 60 
2136 47 47 53 
2138 47 47 58 
2140 47 47 59 
2143 47 47 58 
2144 47 47 58 
2145 47 47 57 
2147 47 47 56 
2153 47 47 57 
2155 47 47 58 
2156 47 47 60 
2171 47 47 59 
2173 47 47 57 
2179 47 47 59 
2199 47 47 60 
3123 19 19 58 
3133 19 19 51 
3144 19 19 52 
3146 19 19 55 
3147 19 19 54 
3184 19 19 55 
3185 19 19 57 
3200 19 19 56 
3231 19 19 53 
3243 19 19 53 
3247 19 19 53 
3254 19 19 52 
3258 19 19 52 
3262 19 19 55 
3270 19 19 55 
3275 19 19 53 
3281 19 19 51 
3289 19 19 54 
3294 19 19 54 
3352 19 19 53 
3442 2 2 46 
3448 2 2 50 
3449 2 2 50 
3450 2 2 48 
3462 2 2 49 
3465 2 2 45 
3466 2 2 49 
3481 2 2 46 
3482 2 2 45 
3487 2 2 44 
3488 2 2 46 
3499 2 2 47 
3507 34 34 48 
3508 2 2 45 
3512 34 34 47 
3522 2 2 45 
3527 2 2 44 
3530 2 2 45 
3531 2 2 45 
3532 2 2 45 
3534 2 2 46 
3535 2 2 45 
3541 2 2 47 
3545 2 2 46 
3546 2 2 46 
3548 2 2 47 
3552 2 2 45 
3557 2 2 48 
3559 2 2 44 
3568 2 2 45 
3570 2 2 49 
3573 34 34 47 
3574 2 2 44 
3580 34 34 48 
3581 34 34 51 
3587 34 34 50 
3593 2 2 48 
3595 34 34 54 
3597 34 34 52 
3599 34 34 49 
3603 34 34 50 
3605 34 34 49 
3608 2 2 48 
3609 34 34 49 
3610 34 34 50 
3613 34 34 48 
3614 34 34 49 
3621 34 34 50 
3624 34 34 48 
3625 34 34 50 
3628 34 34 49 
3630 34 34 51 
3632 34 34 51 
3638 34 34 47 
3641 34 34 48 
3645 2 2 48 
3649 2 2 48 
3652 2 2 46 
3663 34 34 49 
11 56 56 56 
39 56 56 49 
53 56 56 53 
56 56 56 50 
58 56 56 51 
73 56 56 53 
80 56 56 50 
87 56 56 51 
97 56 56 53 
105 56 56 52 
106 56 56 57 
107 56 56 57 
112 60 60 57 
121 60 60 58 
177 62 62 57 
200 62 62 60 
213 62 62 59 
235 62 62 54 
236 58 58 54 
240 62 62 55 
243 62 62 55 
251 62 62 57 
2031 30 30 59 
2052 62 62 56 
2055 30 30 61 
2066 30 30 61 
2103 30 30 61 
2121 30 30 59 
2122 30 30 58 
2124 62 62 60 
2126 30 30 55 
2136 30 30 57 
2144 30 30 59 
2147 30 30 58 
2148 30 30 59 
2157 30 30 59 
2160 30 30 57 
2163 30 30 56 
2171 30 30 57 
2184 30 30 56 
2188 30 30 51 
2200 30 30 60 
2202 30 30 59 
2209 30 30 60 
2215 30 30 59 
2217 30 30 62 
2233 30 30 64 
2336 30 30 62 
2338 30 30 62 
2345 30 30 62 
2347 30 30 63 
2350 30 30 63 
2354 30 30 63 
2357 30 30 64 
2360 30 30 63 
2362 30 30 60 
2364 30 30 58 
2393 30 30 63 
2394 30 30 58 
2395 30 30 59 
2401 30 30 59 
2408 30 30 58 
2409 30 30 57 
2411 30 30 59 
2413 30 30 58 
2415 30 30 58 
2432 30 30 59 
2438 30 30 60 
2446 30 30 59 
2461 30 30 60 
2478 30 30 59 
2482 30 30 58 
2513 30 30 58 
2516 30 30 58 
2520 30 30 58 
2521 30 30 58 
3875 3 3 51 
1777 41 41 62 
1917 57 57 58 
1931 57 57 57 
1980 57 57 52 
1997 57 57 53 
2011 57 57 51 
2015 57 57 52 
2034 57 57 50 
2040 57 57 53 
2042 57 57 54 
2046 57 57 54 
2058 57 57 55 
103 17 17 50 
449 1 1 54 
485 17 17 59 
518 1 1 56 
523 17 17 57 
524 17 17 53 
555 17 17 65 
608 17 17 55 
642 17 17 48 
942 17 17 56 
1350 22 22 62 
1379 60 60 55 
1450 56 56 51 
1606 58 58 62 
1628 56 56 54 
1629 62 62 61 
1727 61 61 53 
1744 61 61 60 
1809 62 62 61 
1833 60 60 57 
1957 60 60 56 
1962 60 60 52 
1979 62 62 63 
2253 58 58 52 
2266 56 56 63 
2391 52 52 52 
2671 54 54 59 
2857 60 60 50 
2867 52 52 50 
2882 54 54 54 
2905 48 48 52 
2924 52 52 55 
2999 52 52 52 
3002 52 52 49 
3062 50 50 49 
3117 50 50 48 
3121 50 50 50 
3125 50 50 53 
3145 50 50 49 
3182 50 50 47 
3198 49 49 41 
3291 48 48 45 
3391 50 50 49 
3877 50 50 62 
286 40 40 58 
287 56 56 62 
330 40 40 51 
621 42 42 54 
970 14 14 63 
1288 12 12 53 
1425 12 12 60 
1432 12 12 57 
1469 12 12 54 
1498 12 12 56 
1504 12 12 58 
1506 12 12 53 
1527 12 12 55 
1553 5 5 52 
1568 8 8 58 
1961 52 52 56 
2476 33 33 52 
2698 33 33 50 
20 59 59 58 
41 63 63 63 
43 59 59 57 
45 59 59 58 
251 21 21 51 
263 53 53 54 
279 21 21 54 
282 53 53 58 
290 53 53 55 
292 21 21 49 
294 21 21 56 
296 21 21 55 
297 21 21 59 
299 53 53 49 
302 21 21 53 
303 21 21 52 
311 23 23 54 
313 23 23 56 
318 55 55 59 
332 23 23 56 
334 23 23 57 
337 23 23 55 
343 23 23 56 
345 21 21 55 
351 55 55 59 
362 23 23 56 
363 23 23 55 
370 21 21 51 
393 23 23 56 
407 21 21 51 
408 55 55 52 
415 21 21 52 
420 21 21 48 
427 21 21 54 
435 21 21 51 
441 21 21 50 
449 21 21 52 
452 21 21 55 
454 21 21 54 
458 23 23 51 
461 23 23 52 
464 21 21 50 
465 21 21 48 
469 21 21 50 
470 23 23 53 
474 21 21 52 
490 21 21 52 
499 23 23 55 
504 21 21 51 
510 21 21 53 
512 23 23 54 
514 23 23 53 
515 23 23 53 
517 23 23 55 
518 23 23 55 
522 23 23 53 
524 21 21 50 
529 23 23 54 
538 21 21 50 
539 21 21 47 
541 23 23 54 
548 21 21 50 
551 21 21 47 
552 21 21 50 
559 21 21 49 
568 21 21 51 
575 21 21 49 
577 21 21 51 
599 21 21 51 
611 21 21 49 
615 21 21 46 
641 21 21 49 
661 21 21 52 
1465 39 39 55 
1616 55 55 56 
2437 13 13 51 
2474 13 13 50 
2476 13 13 51 
2485 13 13 49 
2489 12 12 53 
2631 45 45 58 
2632 45 45 59 
2633 47 47 61 
2634 45 45 56 
2640 45 45 58 
2643 45 45 56 
2649 45 45 56 
2657 45 45 59 
2659 47 47 58 
2662 45 45 54 
2667 47 47 62 
2678 47 47 57 
2682 15 15 57 
2684 47 47 59 
2693 15 15 57 
2694 47 47 57 
2705 47 47 55 
2711 47 47 56 
2724 45 45 53 
2987 43 43 58 
3008 41 41 56 
3405 17 17 53 
2595 19 19 54 
2890 15 15 46 
2933 7 7 47 
2954 7 7 43 
2962 7 7 42 
2979 7 7 43 
2981 7 7 43 
2983 7 7 47 
2984 7 7 45 
2986 7 7 43 
3001 7 7 42 
3202 6 6 48 
3221 6 6 53 
3224 6 6 51 
3225 6 6 50 
3226 6 6 50 
3227 6 6 53 
3233 6 6 50 
3234 6 6 52 
3236 6 6 53 
3238 6 6 53 
3323 6 6 54 
3325 6 6 57 
3349 6 6 55 
3361 6 6 48 
3579 22 22 59 
3581 22 22 58 
3583 22 22 61 
3675 18 18 54 
3954 22 22 63 
1 33 33 52 
20 33 33 50 
24 33 33 53 
25 33 33 49 
1271 0 0 45 
1341 0 0 47 
1791 23 23 47 
1813 22 22 47 
1831 30 30 53 
1872 31 31 57 
1974 30 30 61 
2204 62 62 56 
2207 30 30 61 
2549 59 59 58 
2551 59 59 55 
2553 59 59 52 
2554 59 59 55 
2555 59 59 52 
2561 59 59 54 
2562 59 59 53 
2567 59 59 56 
2570 59 59 53 
2571 59 59 53 
48 23 23 51 
50 23 23 48 
56 23 23 45 
118 7 7 50 
141 21 21 50 
217 23 23 56 
256 21 21 48 
266 21 21 51 
376 5 5 47 
444 5 5 52 
453 4 4 48 
489 1 1 49 
588 25 25 57 
590 25 25 58 
593 25 25 57 
607 25 25 53 
649 25 25 56 
664 21 21 58 
672 17 17 60 
714 21 21 57 
742 9 9 58 
804 21 21 60 
1042 2 2 60 
1058 2 2 58 
1199 0 0 51 
1206 44 44 57 
1275 0 0 59 
1281 0 0 54 
1289 4 4 62 
1321 0 0 58 
1415 36 36 63 
1416 36 36 60 
1452 40 40 57 
1589 44 44 55 
1925 42 42 61 
1992 38 38 62 
2094 42 42 60 
2539 34 34 53 
2543 42 42 57 
2544 42 42 60 
2889 35 35 56 
2956 33 33 47 
2984 53 53 53 
2993 54 54 64 
3048 54 54 57 
3052 54 54 58 
3060 55 55 55 
3064 54 54 58 
3066 39 39 55 
3072 54 54 59 
3075 54 54 57 
3118 62 62 59 
141 41 41 44 
175 41 41 48 
181 57 57 50 
212 41 41 49 
555 63 63 53 
556 63 63 53 
558 63 63 50 
2185 11 11 53 
2188 11 11 54 
2189 11 11 50 
2191 11 11 45 
2194 11 11 47 
2202 11 11 45 
2206 11 11 46 
2214 11 11 46 
2216 11 11 49 
2226 3 3 46 
2228 11 11 51 
2235 11 11 42 
2239 11 11 47 
2255 11 11 47 
2822 61 61 59 
2823 61 61 58 
2827 45 45 54 
2831 29 29 57 
2867 61 61 58 
2882 61 61 55 
2884 61 61 57 
2885 61 61 59 
2892 61 61 55 
2910 61 61 57 
2928 61 61 59 
2930 29 29 54 
2932 61 61 61 
2936 61 61 55 
2940 61 61 55 
2945 61 61 58 
2949 61 61 58 
2954 61 61 53 
2963 61 61 61 
2970 61 61 59 
2980 61 61 62 
2986 61 61 60 
2987 61 61 58 
2988 61 61 58 
3000 29 29 60 
3003 61 61 67 
3006 61 61 57 
3009 29 29 56 
3010 61 61 61 
3018 29 29 61 
3022 61 61 60 
3070 61 61 60 
3407 35 35 59 
3541 50 50 65 
3546 50 50 60 
3586 50 50 55 
3588 50 50 56 
3613 34 34 58 
3621 50 50 59 
3673 18 18 51 
3686 34 34 51 
3691 2 2 48 
3698 18 18 44 
3796 18 18 47 
3819 16 16 52 
3857 6 6 50 
3875 0 0 45 
431 33 33 56 
471 33 33 57 
473 33 33 60 
474 33 33 60 
476 33 33 59 
478 33 33 53 
479 33 33 61 
481 33 33 57 
482 33 33 60 
484 33 33 60 
486 33 33 62 
487 33 33 59 
491 33 33 60 
494 33 33 56 
514 33 33 61 
606 37 37 59 
617 37 37 58 
620 37 37 56 
621 37 37 61 
622 37 37 60 
630 37 37 59 
634 37 37 58 
635 5 5 54 
636 37 37 58 
2468 42 42 65 
2520 42 42 61 
2524 42 42 64 
2530 42 42 60 
2536 42 42 63 
2539 42 42 62 
2540 42 42 64 
2560 42 42 57 
2564 42 42 61 
2568 42 42 54 
2573 42 42 63 
2582 10 10 58 
2586 42 42 63 
2589 42 42 65 
2591 42 42 64 
2592 42 42 63 
2593 10 10 60 
2595 42 42 64 
2598 10 10 65 
2610 10 10 60 
2611 10 10 60 
2612 42 42 63 
2613 42 42 60 
2614 10 10 61 
2619 42 42 62 
2620 10 10 59 
2627 10 10 57 
2630 10 10 61 
2631 10 10 60 
2632 42 42 61 
2636 42 42 63 
2641 10 10 63 
2644 10 10 59 
2657 10 10 58 
2664 10 10 58 
2668 10 10 60 
2670 10 10 63 
2675 10 10 62 
2678 42 42 57 
2679 10 10 59 
2693 10 10 58 
2697 10 10 61 
2705 10 10 60 
2710 42 42 63 
2715 10 10 63 
2719 10 10 59 
2733 10 10 60 
2735 10 10 59 
2739 10 10 59 
2743 10 10 57 
2745 10 10 57 
2746 10 10 59 
2750 10 10 61 
2755 10 10 57 
2756 10 10 60 
2768 10 10 63 
2770 10 10 61 
2771 10 10 59 
2780 10 10 58 
2784 42 42 60 
2786 10 10 57 
1213 62 62 57 
1268 62 62 58 
1295 62 62 58 
1314 30 30 53 
1357 62 62 56 
1396 30 30 58 
1419 63 63 56 
1424 63 63 51 
1425 63 63 56 
1431 63 63 56 
1446 63 63 55 
1447 31 31 57 
1448 63 63 54 
1449 31 31 53 
1458 31 31 51 
1470 63 63 60 
1484 31 31 51 
1486 31 31 57 
1501 61 61 54 
1561 61 61 55 
1186 19 19 45 
1194 19 19 42 
1196 19 19 42 
1198 19 19 43 
1210 19 19 45 
1224 19 19 45 
1227 19 19 43 
1233 19 19 43 
1243 19 19 45 
1246 19 19 46 
1247 19 19 43 
1250 19 19 44 
1253 19 19 45 
1259 51 51 51 
1260 19 19 44 
1262 19 19 43 
1268 19 19 46 
1349 51 51 41 
1395 51 51 40 
1402 51 51 42 
2143 46 46 58 
2543 14 14 51 
3281 38 38 55 
3317 34 34 52 
3325 38 38 55 
3458 2 2 54 
3460 2 2 54 
3461 2 2 54 
3463 2 2 51 
3465 2 2 53 
3468 2 2 53 
3469 2 2 52 
3471 2 2 52 
3472 2 2 53 
3474 2 2 52 
3475 2 2 53 
3476 2 2 55 
3477 2 2 51 
3478 2 2 57 
3480 2 2 57 
3481 2 2 54 
3482 2 2 56 
3483 2 2 50 
3484 2 2 57 
3486 2 2 54 
3487 2 2 52 
3488 2 2 58 
3489 2 2 52 
3490 2 2 55 
3492 2 2 53 
3493 2 2 52 
3494 2 2 52 
3496 2 2 52 
3498 2 2 52 
3503 2 2 50 
3508 2 2 55 
3509 2 2 55 
3519 2 2 54 
3520 2 2 52 
3522 2 2 52 
3523 2 2 51 
3529 2 2 53 
3534 2 2 54 
3535 2 2 51 
3536 2 2 54 
3542 2 2 55 
3544 2 2 53 
3545 2 2 51 
3552 2 2 56 
3553 2 2 52 
3578 2 2 53 
3598 2 2 57 
3706 18 18 55 
3773 18 18 55 
3834 18 18 57 
401 52 52 57 
438 28 28 62 
1285 4 4 56 
1287 36 36 60 
1293 52 52 61 
1366 36 36 56 
1387 36 36 56 
1388 36 36 56 
1409 36 36 52 
1410 36 36 52 
1587 44 44 54 
1590 44 44 45 
1627 44 44 50 
1636 36 36 48 
1683 40 40 46 
1699 56 56 53 
1700 56 56 54 
1750 40 40 50 
1789 40 40 42 
1831 42 42 51 
2175 48 48 56 
2220 48 48 47 
2250 48 48 51 
2258 48 48 49 
2269 48 48 43 
2270 48 48 53 
2278 48 48 53 
2280 48 48 52 
2283 48 48 54 
2285 48 48 51 
2293 48 48 52 
2299 16 16 43 
2301 48 48 52 
2303 48 48 51 
2308 48 48 56 
2318 48 48 57 
2324 48 48 51 
2325 48 48 48 
2326 48 48 55 
2327 48 48 52 
2328 48 48 52 
2329 48 48 53 
2332 48 48 54 
2335 48 48 51 
2336 48 48 49 
2339 48 48 55 
2342 48 48 49 
2343 48 48 56 
2351 48 48 52 
2357 48 48 57 
2362 48 48 48 
2388 48 48 57 
2394 48 48 56 
2411 48 48 55 
2436 48 48 56 
2446 48 48 58 
2447 48 48 55 
2454 48 48 48 
2461 48 48 50 
2465 48 48 61 
2477 48 48 48 
2589 40 40 51 
2821 59 59 61 
3221 30 30 50 
3341 44 44 54 
3535 40 40 55 
3590 32 32 49 
3591 32 32 47 
3600 40 40 56 
{Undefined function or variable 'avg_snr'.

Error in lc_test_extract (line 40)
acc_list(audio_count+1)=avg_snr/audio_count;

Error in run (line 86)
evalin('caller', [script ';']);
} 
>> Fri Apr  1 12:29:30 CST 2022
